Base path: C:/Program Files (x86)/Unity/Editor/Data
Pipe name: \\.\pipe\UnityShaderCompiler-4-3756
Cmd: getPlatforms
Cmd: compileSnippet
  api=1 type=1 insize=986 outsize=104 kw= ok=1
Cmd: compileSnippet
  api=0 type=0 insize=1203 outsize=441 kw= ok=1
Cmd: compileSnippet
  api=1 type=1 insize=1203 outsize=217 kw= ok=1
Cmd: compileSnippet
  api=1 type=0 insize=1322 outsize=186 kw= ok=1
Cmd: compileSnippet
  api=1 type=0 insize=1274 outsize=186 kw= ok=1
Cmd: compileSnippet
  api=8 type=1 insize=1274 outsize=1633 kw= ok=1
Cmd: compileSnippet
  api=8 type=0 insize=1260 outsize=1950 kw= ok=1
Cmd: compileSnippet
  api=8 type=1 insize=1260 outsize=1609 kw= ok=1
Cmd: compileSnippet
  api=1 type=0 insize=1260 outsize=186 kw= ok=1
Cmd: compileSnippet
  api=0 type=1 insize=1260 outsize=549 kw= ok=1
Cmd: compileSnippet
  api=0 type=0 insize=1282 outsize=441 kw= ok=1
Cmd: compileSnippet
  api=1 type=1 insize=1282 outsize=215 kw= ok=1
Cmd: compileSnippet
  api=1 type=0 insize=1222 outsize=186 kw= ok=1
Cmd: compileSnippet
  api=0 type=1 insize=1222 outsize=365 kw= ok=1
Cmd: compileSnippet
  api=1 type=0 insize=1218 outsize=186 kw= ok=1
Cmd: compileSnippet
  api=1 type=0 insize=1277 outsize=186 kw= ok=1
Cmd: compileSnippet
  api=8 type=0 insize=1333 outsize=1950 kw= ok=1
Cmd: compileSnippet
  api=8 type=1 insize=1333 outsize=1633 kw= ok=1
Cmd: compileSnippet
  api=1 type=0 insize=956 outsize=171 kw= ok=1
Cmd: compileSnippet
  api=8 type=1 insize=956 outsize=1048 kw= ok=1
Cmd: compileSnippet
  api=1 type=0 insize=1051 outsize=158 kw= ok=1
Cmd: compileSnippet
  api=0 type=1 insize=1051 outsize=429 kw= ok=1
