Base path: C:/Program Files (x86)/Unity/Editor/Data
Pipe name: \\.\pipe\UnityShaderCompiler-3-4632
Cmd: getPlatforms
Cmd: compileSnippet
  api=8 type=0 insize=942 outsize=1690 kw= ok=1
Cmd: compileSnippet
  api=1 type=1 insize=942 outsize=81 kw= ok=1
Cmd: compileSnippet
  api=1 type=0 insize=986 outsize=171 kw= ok=1
Cmd: compileSnippet
  api=8 type=1 insize=986 outsize=1113 kw= ok=1
Cmd: compileSnippet
  api=1 type=0 insize=1203 outsize=186 kw= ok=1
Cmd: compileSnippet
  api=8 type=1 insize=1203 outsize=1690 kw= ok=1
Cmd: compileSnippet
  api=8 type=0 insize=1322 outsize=1950 kw= ok=1
Cmd: compileSnippet
  api=8 type=1 insize=1322 outsize=2600 kw= ok=1
Cmd: compileSnippet
  api=1 type=1 insize=1260 outsize=207 kw= ok=1
Cmd: compileSnippet
  api=1 type=1 insize=1260 outsize=471 kw= ok=1
Cmd: compileSnippet
  api=8 type=0 insize=1222 outsize=1950 kw= ok=1
Cmd: compileSnippet
  api=8 type=1 insize=1222 outsize=1715 kw= ok=1
Cmd: compileSnippet
  api=8 type=0 insize=1218 outsize=1950 kw= ok=1
Cmd: compileSnippet
  api=8 type=1 insize=1218 outsize=1715 kw= ok=1
Cmd: compileSnippet
  api=8 type=0 insize=1277 outsize=1950 kw= ok=1
Cmd: compileSnippet
  api=8 type=1 insize=1277 outsize=1593 kw= ok=1
Cmd: compileSnippet
  api=1 type=1 insize=1333 outsize=236 kw= ok=1
Cmd: compileSnippet
  api=1 type=1 insize=956 outsize=81 kw= ok=1
Cmd: compileSnippet
  api=1 type=1 insize=1051 outsize=343 kw= ok=1
Cmd: compileSnippet
  api=0 type=0 insize=1041 outsize=397 kw= ok=1
Cmd: compileSnippet
  api=1 type=1 insize=1041 outsize=152 kw= ok=1
